!SESSION 2014-05-22 15:36:55.502 -----------------------------------------------
eclipse.buildId=4.3.0.M20130911-1000
java.version=1.7.0_09
java.vendor=Oracle Corporation
BootLoader constants: OS=linux, ARCH=x86_64, WS=gtk, NL=en_US
Framework arguments:  -product org.eclipse.epp.package.jee.product
Command-line arguments:  -data /home/ngroshkov/Dropbox/ВШУ/hse/workspace -os linux -ws gtk -arch x86_64 -product org.eclipse.epp.package.jee.product

!ENTRY org.springsource.ide.eclipse.commons.frameworks.core 0 0 2014-05-22 15:37:19.327
!MESSAGE Result of converting legacy STS 2.x workspace preferences to 3.x
!SUBENTRY 1 org.springsource.ide.eclipse.commons.frameworks.core 0 0 2014-05-22 15:37:19.327
!MESSAGE Converted legacy STS plugin preferences
!SUBENTRY 1 unknown 0 0 2014-05-22 15:37:19.327
!MESSAGE OK
!SUBENTRY 1 org.springsource.ide.eclipse.commons.frameworks.core 0 0 2014-05-22 15:37:19.327
!MESSAGE Converted legacy Roo plugin state locations
!SUBENTRY 1 org.springsource.ide.eclipse.commons.frameworks.core 0 0 2014-05-22 15:37:19.327
!MESSAGE Converted legacy STS plugin state locations

!ENTRY com.google.gdt.eclipse.suite 1 0 2014-05-22 15:37:24.354
!MESSAGE Registering: com.google.gwt.eclipse.sdkbundle_2.5.1

!ENTRY org.eclipse.jface 2 0 2014-05-22 15:40:28.121
!MESSAGE Keybinding conflicts occurred.  They may interfere with normal accelerator operation.
!SUBENTRY 1 org.eclipse.jface 2 0 2014-05-22 15:40:28.121
!MESSAGE A conflict occurred for CTRL+D:
Binding(CTRL+D,
	ParameterizedCommand(Command(org.eclipse.debug.ui.commands.eof,EOF,
		Send end of file,
		Category(org.eclipse.debug.ui.category.run,Run/Debug,Run/Debug command category,true),
		org.eclipse.ui.internal.WorkbenchHandlerServiceHandler@5a22c325,
		,,true),null),
	org.eclipse.ui.defaultAcceleratorConfiguration,
	org.eclipse.debug.ui.console,,,system)
Binding(CTRL+D,
	ParameterizedCommand(Command(org.eclipse.ui.edit.text.delete.line,Delete Line,
		Delete a line of text,
		Category(org.eclipse.ui.category.textEditor,Text Editing,Text Editing Commands,true),
		org.eclipse.ui.internal.WorkbenchHandlerServiceHandler@2039e05e,
		,,true),null),
	org.eclipse.ui.defaultAcceleratorConfiguration,
	org.eclipse.ui.textEditorScope,,,system)
!SESSION 2014-05-22 20:47:50.920 -----------------------------------------------
eclipse.buildId=M20120914-1800
java.version=1.6.0_39
java.vendor=Sun Microsystems Inc.
BootLoader constants: OS=linux, ARCH=x86, WS=gtk, NL=en_US
Framework arguments:  -product org.eclipse.epp.package.jee.product -product org.eclipse.epp.package.jee.product
Command-line arguments:  -os linux -ws gtk -arch x86 -product org.eclipse.epp.package.jee.product -data /home/kolun4ek/Dropbox/ВШУ/hse/workspace -product org.eclipse.epp.package.jee.product

!ENTRY org.eclipse.e4.ui.workbench 4 0 2014-05-22 20:47:54.256
!MESSAGE Unable to load class 'org.eclipse.e4.ui.internal.workbench.addons.HandlerProcessingAddon' from bundle '222'
!STACK 0
java.lang.ClassNotFoundException: org.eclipse.e4.ui.internal.workbench.addons.HandlerProcessingAddon
	at org.eclipse.osgi.internal.loader.BundleLoader.findClassInternal(BundleLoader.java:501)
	at org.eclipse.osgi.internal.loader.BundleLoader.findClass(BundleLoader.java:421)
	at org.eclipse.osgi.internal.loader.BundleLoader.findClass(BundleLoader.java:412)
	at org.eclipse.osgi.internal.baseadaptor.DefaultClassLoader.loadClass(DefaultClassLoader.java:107)
	at java.lang.ClassLoader.loadClass(ClassLoader.java:247)
	at org.eclipse.osgi.internal.loader.BundleLoader.loadClass(BundleLoader.java:340)
	at org.eclipse.osgi.framework.internal.core.BundleHost.loadClass(BundleHost.java:229)
	at org.eclipse.osgi.framework.internal.core.AbstractBundle.loadClass(AbstractBundle.java:1212)
	at org.eclipse.e4.ui.internal.workbench.ReflectionContributionFactory.createFromBundle(ReflectionContributionFactory.java:100)
	at org.eclipse.e4.ui.internal.workbench.ReflectionContributionFactory.doCreate(ReflectionContributionFactory.java:71)
	at org.eclipse.e4.ui.internal.workbench.ReflectionContributionFactory.create(ReflectionContributionFactory.java:49)
	at org.eclipse.e4.ui.internal.workbench.swt.E4Application.createE4Workbench(E4Application.java:254)
	at org.eclipse.ui.internal.Workbench$5.run(Workbench.java:557)
	at org.eclipse.core.databinding.observable.Realm.runWithDefault(Realm.java:332)
	at org.eclipse.ui.internal.Workbench.createAndRunWorkbench(Workbench.java:543)
	at org.eclipse.ui.PlatformUI.createAndRunWorkbench(PlatformUI.java:149)
	at org.eclipse.ui.internal.ide.application.IDEApplication.start(IDEApplication.java:124)
	at org.eclipse.equinox.internal.app.EclipseAppHandle.run(EclipseAppHandle.java:196)
	at org.eclipse.core.runtime.internal.adaptor.EclipseAppLauncher.runApplication(EclipseAppLauncher.java:110)
	at org.eclipse.core.runtime.internal.adaptor.EclipseAppLauncher.start(EclipseAppLauncher.java:79)
	at org.eclipse.core.runtime.adaptor.EclipseStarter.run(EclipseStarter.java:353)
	at org.eclipse.core.runtime.adaptor.EclipseStarter.run(EclipseStarter.java:180)
	at sun.reflect.NativeMethodAccessorImpl.invoke0(Native Method)
	at sun.reflect.NativeMethodAccessorImpl.invoke(NativeMethodAccessorImpl.java:39)
	at sun.reflect.DelegatingMethodAccessorImpl.invoke(DelegatingMethodAccessorImpl.java:25)
	at java.lang.reflect.Method.invoke(Method.java:597)
	at org.eclipse.equinox.launcher.Main.invokeFramework(Main.java:629)
	at org.eclipse.equinox.launcher.Main.basicRun(Main.java:584)
	at org.eclipse.equinox.launcher.Main.run(Main.java:1438)

!ENTRY org.eclipse.ui 4 4 2014-05-22 20:47:57.716
!MESSAGE Unable to find Action Set: org.springframework.ide.eclipse.aop.ui.ActionSet

!ENTRY org.eclipse.ui 4 4 2014-05-22 20:47:57.720
!MESSAGE Unable to find Action Set: org.springframework.ide.eclipse.aop.ui.matcher.actionSet

!ENTRY org.eclipse.ui 4 4 2014-05-22 20:47:57.720
!MESSAGE Unable to find Action Set: org.springframework.ide.eclipse.beans.ui.actionSet

!ENTRY org.eclipse.ui 4 4 2014-05-22 20:47:57.720
!MESSAGE Unable to find Action Set: org.springframework.ide.eclipse.beans.search.actionSet

!ENTRY org.eclipse.ui 4 4 2014-05-22 20:47:57.720
!MESSAGE Unable to find Action Set: org.springsource.ide.eclipse.quicksearch.actionSet

!ENTRY org.eclipse.ui 4 4 2014-05-22 20:47:57.721
!MESSAGE Unable to find Action Set: org.springsource.ide.eclipse.commons.launch.actionSet

!ENTRY org.eclipse.jface 4 0 2014-05-22 20:48:00.933
!MESSAGE Unable to resolve plug-in "platform:/plugin/org.springframework.ide.eclipse.ui/icons/full/obj16/spring_explorer_obj.gif".
!STACK 0
java.io.IOException: Unable to resolve plug-in "platform:/plugin/org.springframework.ide.eclipse.ui/icons/full/obj16/spring_explorer_obj.gif".
	at org.eclipse.core.internal.runtime.PlatformURLPluginConnection.parse(PlatformURLPluginConnection.java:64)
	at org.eclipse.core.internal.runtime.PlatformURLPluginConnection.resolve(PlatformURLPluginConnection.java:75)
	at org.eclipse.core.internal.boot.PlatformURLHandler.openConnection(PlatformURLHandler.java:67)
	at org.eclipse.osgi.framework.internal.protocol.URLStreamHandlerProxy.openConnection(URLStreamHandlerProxy.java:112)
	at java.net.URL.openConnection(URL.java:945)
	at org.eclipse.core.internal.runtime.PlatformURLConverter.toFileURL(PlatformURLConverter.java:33)
	at org.eclipse.core.runtime.FileLocator.toFileURL(FileLocator.java:206)
	at org.eclipse.jface.resource.URLImageDescriptor.getFilePath(URLImageDescriptor.java:137)
	at org.eclipse.jface.resource.URLImageDescriptor.createImage(URLImageDescriptor.java:157)
	at org.eclipse.jface.resource.ImageDescriptor.createImage(ImageDescriptor.java:227)
	at org.eclipse.jface.resource.ImageDescriptor.createImage(ImageDescriptor.java:205)
	at org.eclipse.e4.ui.workbench.renderers.swt.SWTPartRenderer.getImage(SWTPartRenderer.java:178)
	at org.eclipse.e4.ui.workbench.renderers.swt.StackRenderer.createTab(StackRenderer.java:767)
	at org.eclipse.e4.ui.workbench.renderers.swt.LazyStackRenderer.processContents(LazyStackRenderer.java:134)
	at org.eclipse.e4.ui.internal.workbench.swt.PartRenderingEngine.safeCreateGui(PartRenderingEngine.java:642)
	at org.eclipse.e4.ui.internal.workbench.swt.PartRenderingEngine.safeCreateGui(PartRenderingEngine.java:732)
	at org.eclipse.e4.ui.internal.workbench.swt.PartRenderingEngine.access$2(PartRenderingEngine.java:703)
	at org.eclipse.e4.ui.internal.workbench.swt.PartRenderingEngine$7.run(PartRenderingEngine.java:697)
	at org.eclipse.core.runtime.SafeRunner.run(SafeRunner.java:42)
	at org.eclipse.e4.ui.internal.workbench.swt.PartRenderingEngine.createGui(PartRenderingEngine.java:682)
	at org.eclipse.e4.ui.workbench.renderers.swt.SWTPartRenderer.processContents(SWTPartRenderer.java:59)
	at org.eclipse.e4.ui.internal.workbench.swt.PartRenderingEngine.safeCreateGui(PartRenderingEngine.java:642)
	at org.eclipse.e4.ui.internal.workbench.swt.PartRenderingEngine.safeCreateGui(PartRenderingEngine.java:732)
	at org.eclipse.e4.ui.internal.workbench.swt.PartRenderingEngine.access$2(PartRenderingEngine.java:703)
	at org.eclipse.e4.ui.internal.workbench.swt.PartRenderingEngine$7.run(PartRenderingEngine.java:697)
	at org.eclipse.core.runtime.SafeRunner.run(SafeRunner.java:42)
	at org.eclipse.e4.ui.internal.workbench.swt.PartRenderingEngine.createGui(PartRenderingEngine.java:682)
	at org.eclipse.e4.ui.workbench.renderers.swt.SWTPartRenderer.processContents(SWTPartRenderer.java:59)
	at org.eclipse.e4.ui.internal.workbench.swt.PartRenderingEngine.safeCreateGui(PartRenderingEngine.java:642)
	at org.eclipse.e4.ui.internal.workbench.swt.PartRenderingEngine.safeCreateGui(PartRenderingEngine.java:732)
	at org.eclipse.e4.ui.internal.workbench.swt.PartRenderingEngine.access$2(PartRenderingEngine.java:703)
	at org.eclipse.e4.ui.internal.workbench.swt.PartRenderingEngine$7.run(PartRenderingEngine.java:697)
	at org.eclipse.core.runtime.SafeRunner.run(SafeRunner.java:42)
	at org.eclipse.e4.ui.internal.workbench.swt.PartRenderingEngine.createGui(PartRenderingEngine.java:682)
	at org.eclipse.e4.ui.workbench.renderers.swt.SWTPartRenderer.processContents(SWTPartRenderer.java:59)
	at org.eclipse.e4.ui.internal.workbench.swt.PartRenderingEngine.safeCreateGui(PartRenderingEngine.java:642)
	at org.eclipse.e4.ui.internal.workbench.swt.PartRenderingEngine.safeCreateGui(PartRenderingEngine.java:732)
	at org.eclipse.e4.ui.internal.workbench.swt.PartRenderingEngine.access$2(PartRenderingEngine.java:703)
	at org.eclipse.e4.ui.internal.workbench.swt.PartRenderingEngine$7.run(PartRenderingEngine.java:697)
	at org.eclipse.core.runtime.SafeRunner.run(SafeRunner.java:42)
	at org.eclipse.e4.ui.internal.workbench.swt.PartRenderingEngine.createGui(PartRenderingEngine.java:682)
	at org.eclipse.e4.ui.workbench.renderers.swt.SWTPartRenderer.processContents(SWTPartRenderer.java:59)
	at org.eclipse.e4.ui.internal.workbench.swt.PartRenderingEngine.safeCreateGui(PartRenderingEngine.java:642)
	at org.eclipse.e4.ui.internal.workbench.swt.PartRenderingEngine.safeCreateGui(PartRenderingEngine.java:732)
	at org.eclipse.e4.ui.internal.workbench.swt.PartRenderingEngine.access$2(PartRenderingEngine.java:703)
	at org.eclipse.e4.ui.internal.workbench.swt.PartRenderingEngine$7.run(PartRenderingEngine.java:697)
	at org.eclipse.core.runtime.SafeRunner.run(SafeRunner.java:42)
	at org.eclipse.e4.ui.internal.workbench.swt.PartRenderingEngine.createGui(PartRenderingEngine.java:682)
	at org.eclipse.e4.ui.workbench.renderers.swt.SWTPartRenderer.processContents(SWTPartRenderer.java:59)
	at org.eclipse.e4.ui.internal.workbench.swt.PartRenderingEngine.safeCreateGui(PartRenderingEngine.java:642)
	at org.eclipse.e4.ui.internal.workbench.swt.PartRenderingEngine.safeCreateGui(PartRenderingEngine.java:732)
	at org.eclipse.e4.ui.internal.workbench.swt.PartRenderingEngine.access$2(PartRenderingEngine.java:703)
	at org.eclipse.e4.ui.internal.workbench.swt.PartRenderingEngine$7.run(PartRenderingEngine.java:697)
	at org.eclipse.core.runtime.SafeRunner.run(SafeRunner.java:42)
	at org.eclipse.e4.ui.internal.workbench.swt.PartRenderingEngine.createGui(PartRenderingEngine.java:682)
	at org.eclipse.e4.ui.workbench.renderers.swt.SWTPartRenderer.processContents(SWTPartRenderer.java:59)
	at org.eclipse.e4.ui.internal.workbench.swt.PartRenderingEngine.safeCreateGui(PartRenderingEngine.java:642)
	at org.eclipse.e4.ui.internal.workbench.swt.PartRenderingEngine.safeCreateGui(PartRenderingEngine.java:732)
	at org.eclipse.e4.ui.internal.workbench.swt.PartRenderingEngine.access$2(PartRenderingEngine.java:703)
	at org.eclipse.e4.ui.internal.workbench.swt.PartRenderingEngine$7.run(PartRenderingEngine.java:697)
	at org.eclipse.core.runtime.SafeRunner.run(SafeRunner.java:42)
	at org.eclipse.e4.ui.internal.workbench.swt.PartRenderingEngine.createGui(PartRenderingEngine.java:682)
	at org.eclipse.e4.ui.workbench.renderers.swt.SWTPartRenderer.processContents(SWTPartRenderer.java:59)
	at org.eclipse.e4.ui.workbench.renderers.swt.PerspectiveRenderer.processContents(PerspectiveRenderer.java:59)
	at org.eclipse.e4.ui.internal.workbench.swt.PartRenderingEngine.safeCreateGui(PartRenderingEngine.java:642)
	at org.eclipse.e4.ui.internal.workbench.swt.PartRenderingEngine.safeCreateGui(PartRenderingEngine.java:732)
	at org.eclipse.e4.ui.internal.workbench.swt.PartRenderingEngine.access$2(PartRenderingEngine.java:703)
	at org.eclipse.e4.ui.internal.workbench.swt.PartRenderingEngine$7.run(PartRenderingEngine.java:697)
	at org.eclipse.core.runtime.SafeRunner.run(SafeRunner.java:42)
	at org.eclipse.e4.ui.internal.workbench.swt.PartRenderingEngine.createGui(PartRenderingEngine.java:682)
	at org.eclipse.e4.ui.workbench.renderers.swt.PerspectiveStackRenderer.showTab(PerspectiveStackRenderer.java:103)
	at org.eclipse.e4.ui.workbench.renderers.swt.LazyStackRenderer.postProcess(LazyStackRenderer.java:98)
	at org.eclipse.e4.ui.workbench.renderers.swt.PerspectiveStackRenderer.postProcess(PerspectiveStackRenderer.java:77)
	at org.eclipse.e4.ui.internal.workbench.swt.PartRenderingEngine.safeCreateGui(PartRenderingEngine.java:646)
	at org.eclipse.e4.ui.internal.workbench.swt.PartRenderingEngine.safeCreateGui(PartRenderingEngine.java:732)
	at org.eclipse.e4.ui.internal.workbench.swt.PartRenderingEngine.access$2(PartRenderingEngine.java:703)
	at org.eclipse.e4.ui.internal.workbench.swt.PartRenderingEngine$7.run(PartRenderingEngine.java:697)
	at org.eclipse.core.runtime.SafeRunner.run(SafeRunner.java:42)
	at org.eclipse.e4.ui.internal.workbench.swt.PartRenderingEngine.createGui(PartRenderingEngine.java:682)
	at org.eclipse.e4.ui.workbench.renderers.swt.SWTPartRenderer.processContents(SWTPartRenderer.java:59)
	at org.eclipse.e4.ui.internal.workbench.swt.PartRenderingEngine.safeCreateGui(PartRenderingEngine.java:642)
	at org.eclipse.e4.ui.internal.workbench.swt.PartRenderingEngine.safeCreateGui(PartRenderingEngine.java:732)
	at org.eclipse.e4.ui.internal.workbench.swt.PartRenderingEngine.access$2(PartRenderingEngine.java:703)
	at org.eclipse.e4.ui.internal.workbench.swt.PartRenderingEngine$7.run(PartRenderingEngine.java:697)
	at org.eclipse.core.runtime.SafeRunner.run(SafeRunner.java:42)
	at org.eclipse.e4.ui.internal.workbench.swt.PartRenderingEngine.createGui(PartRenderingEngine.java:682)
	at org.eclipse.e4.ui.workbench.renderers.swt.SWTPartRenderer.processContents(SWTPartRenderer.java:59)
	at org.eclipse.e4.ui.workbench.renderers.swt.WBWRenderer.processContents(WBWRenderer.java:639)
	at org.eclipse.e4.ui.internal.workbench.swt.PartRenderingEngine.safeCreateGui(PartRenderingEngine.java:642)
	at org.eclipse.e4.ui.internal.workbench.swt.PartRenderingEngine.safeCreateGui(PartRenderingEngine.java:732)
	at org.eclipse.e4.ui.internal.workbench.swt.PartRenderingEngine.access$2(PartRenderingEngine.java:703)
	at org.eclipse.e4.ui.internal.workbench.swt.PartRenderingEngine$7.run(PartRenderingEngine.java:697)
	at org.eclipse.core.runtime.SafeRunner.run(SafeRunner.java:42)
	at org.eclipse.e4.ui.internal.workbench.swt.PartRenderingEngine.createGui(PartRenderingEngine.java:682)
	at org.eclipse.e4.ui.internal.workbench.swt.PartRenderingEngine$9.run(PartRenderingEngine.java:968)
	at org.eclipse.core.databinding.observable.Realm.runWithDefault(Realm.java:332)
	at org.eclipse.e4.ui.internal.workbench.swt.PartRenderingEngine.run(PartRenderingEngine.java:923)
	at org.eclipse.e4.ui.internal.workbench.E4Workbench.createAndRunUI(E4Workbench.java:86)
	at org.eclipse.ui.internal.Workbench$5.run(Workbench.java:588)
	at org.eclipse.core.databinding.observable.Realm.runWithDefault(Realm.java:332)
	at org.eclipse.ui.internal.Workbench.createAndRunWorkbench(Workbench.java:543)
	at org.eclipse.ui.PlatformUI.createAndRunWorkbench(PlatformUI.java:149)
	at org.eclipse.ui.internal.ide.application.IDEApplication.start(IDEApplication.java:124)
	at org.eclipse.equinox.internal.app.EclipseAppHandle.run(EclipseAppHandle.java:196)
	at org.eclipse.core.runtime.internal.adaptor.EclipseAppLauncher.runApplication(EclipseAppLauncher.java:110)
	at org.eclipse.core.runtime.internal.adaptor.EclipseAppLauncher.start(EclipseAppLauncher.java:79)
	at org.eclipse.core.runtime.adaptor.EclipseStarter.run(EclipseStarter.java:353)
	at org.eclipse.core.runtime.adaptor.EclipseStarter.run(EclipseStarter.java:180)
	at sun.reflect.NativeMethodAccessorImpl.invoke0(Native Method)
	at sun.reflect.NativeMethodAccessorImpl.invoke(NativeMethodAccessorImpl.java:39)
	at sun.reflect.DelegatingMethodAccessorImpl.invoke(DelegatingMethodAccessorImpl.java:25)
	at java.lang.reflect.Method.invoke(Method.java:597)
	at org.eclipse.equinox.launcher.Main.invokeFramework(Main.java:629)
	at org.eclipse.equinox.launcher.Main.basicRun(Main.java:584)
	at org.eclipse.equinox.launcher.Main.run(Main.java:1438)

!ENTRY org.eclipse.mylyn.tasks.index.core 4 0 2014-05-22 20:48:06.923
!MESSAGE Failed to update task list index
!STACK 1
org.eclipse.core.runtime.CoreException: Unexpected exception: Unknown format version: -11
	at org.eclipse.mylyn.internal.tasks.index.core.TaskListIndex.maintainIndex(TaskListIndex.java:1066)
	at org.eclipse.mylyn.internal.tasks.index.core.TaskListIndex.access$0(TaskListIndex.java:1033)
	at org.eclipse.mylyn.internal.tasks.index.core.TaskListIndex$MaintainIndexJob.run(TaskListIndex.java:162)
	at org.eclipse.core.internal.jobs.Worker.run(Worker.java:53)
Caused by: org.apache.lucene.index.CorruptIndexException: Unknown format version: -11
	at org.apache.lucene.index.SegmentInfos.read(SegmentInfos.java:247)
	at org.apache.lucene.index.IndexFileDeleter.<init>(IndexFileDeleter.java:173)
	at org.apache.lucene.index.IndexWriter.init(IndexWriter.java:1609)
	at org.apache.lucene.index.IndexWriter.<init>(IndexWriter.java:1074)
	at org.eclipse.mylyn.internal.tasks.index.core.TaskListIndex.rebuildIndexCompletely(TaskListIndex.java:1174)
	at org.eclipse.mylyn.internal.tasks.index.core.TaskListIndex.maintainIndex(TaskListIndex.java:1052)
	... 3 more
!SUBENTRY 1 org.eclipse.mylyn.tasks.index.core 4 0 2014-05-22 20:48:06.924
!MESSAGE Unexpected exception: Unknown format version: -11
!STACK 0
org.apache.lucene.index.CorruptIndexException: Unknown format version: -11
	at org.apache.lucene.index.SegmentInfos.read(SegmentInfos.java:247)
	at org.apache.lucene.index.IndexFileDeleter.<init>(IndexFileDeleter.java:173)
	at org.apache.lucene.index.IndexWriter.init(IndexWriter.java:1609)
	at org.apache.lucene.index.IndexWriter.<init>(IndexWriter.java:1074)
	at org.eclipse.mylyn.internal.tasks.index.core.TaskListIndex.rebuildIndexCompletely(TaskListIndex.java:1174)
	at org.eclipse.mylyn.internal.tasks.index.core.TaskListIndex.maintainIndex(TaskListIndex.java:1052)
	at org.eclipse.mylyn.internal.tasks.index.core.TaskListIndex.access$0(TaskListIndex.java:1033)
	at org.eclipse.mylyn.internal.tasks.index.core.TaskListIndex$MaintainIndexJob.run(TaskListIndex.java:162)
	at org.eclipse.core.internal.jobs.Worker.run(Worker.java:53)
!SUBENTRY 1 org.eclipse.mylyn.tasks.index.core 4 0 2014-05-22 20:48:06.924
!MESSAGE Unexpected exception: Unknown format version: -11
!STACK 0
org.apache.lucene.index.CorruptIndexException: Unknown format version: -11
	at org.apache.lucene.index.SegmentInfos.read(SegmentInfos.java:247)
	at org.apache.lucene.index.IndexFileDeleter.<init>(IndexFileDeleter.java:173)
	at org.apache.lucene.index.IndexWriter.init(IndexWriter.java:1609)
	at org.apache.lucene.index.IndexWriter.<init>(IndexWriter.java:1074)
	at org.eclipse.mylyn.internal.tasks.index.core.TaskListIndex.rebuildIndexCompletely(TaskListIndex.java:1174)
	at org.eclipse.mylyn.internal.tasks.index.core.TaskListIndex.maintainIndex(TaskListIndex.java:1052)
	at org.eclipse.mylyn.internal.tasks.index.core.TaskListIndex.access$0(TaskListIndex.java:1033)
	at org.eclipse.mylyn.internal.tasks.index.core.TaskListIndex$MaintainIndexJob.run(TaskListIndex.java:162)
	at org.eclipse.core.internal.jobs.Worker.run(Worker.java:53)

!ENTRY com.google.gdt.eclipse.suite 1 0 2014-05-22 20:52:37.545
!MESSAGE Registering: com.google.gwt.eclipse.sdkbundle_2.5.0

!ENTRY com.google.gwt.eclipse.core 4 0 2014-05-22 20:52:37.650
!MESSAGE Cannot get version of GWT SDK "GWT", ensure it is configured properly
!STACK 0
java.lang.ClassNotFoundException: com.google.gwt.dev.About
	at java.net.URLClassLoader$1.run(URLClassLoader.java:202)
	at java.security.AccessController.doPrivileged(Native Method)
	at java.net.URLClassLoader.findClass(URLClassLoader.java:190)
	at java.lang.ClassLoader.loadClass(ClassLoader.java:306)
	at java.lang.ClassLoader.loadClass(ClassLoader.java:247)
	at com.google.gwt.eclipse.core.runtime.GWTRuntime.getVersion(GWTRuntime.java:508)
	at com.google.gdt.eclipse.core.sdk.AbstractSdk.toXml(AbstractSdk.java:93)
	at com.google.gdt.eclipse.core.sdk.SdkSet.toXml(SdkSet.java:110)
	at com.google.gdt.eclipse.core.sdk.SdkSetSerializer.serialize(SdkSetSerializer.java:75)
	at com.google.gdt.eclipse.core.sdk.SdkManager.setSdks(SdkManager.java:167)
	at com.google.gwt.eclipse.core.sdk.GWTSdkRegistrant.registerSdk(GWTSdkRegistrant.java:49)
	at com.google.gdt.eclipse.suite.preferences.GdtPreferences.registerBundleSdk(GdtPreferences.java:454)
	at com.google.gdt.eclipse.suite.preferences.GdtPreferences.registerSdks(GdtPreferences.java:246)
	at com.google.gdt.eclipse.suite.GdtPlugin.start(GdtPlugin.java:343)
	at org.eclipse.osgi.framework.internal.core.BundleContextImpl$1.run(BundleContextImpl.java:711)
	at java.security.AccessController.doPrivileged(Native Method)
	at org.eclipse.osgi.framework.internal.core.BundleContextImpl.startActivator(BundleContextImpl.java:702)
	at org.eclipse.osgi.framework.internal.core.BundleContextImpl.start(BundleContextImpl.java:683)
	at org.eclipse.osgi.framework.internal.core.BundleHost.startWorker(BundleHost.java:381)
	at org.eclipse.osgi.framework.internal.core.AbstractBundle.start(AbstractBundle.java:300)
	at org.eclipse.osgi.framework.util.SecureAction.start(SecureAction.java:440)
	at org.eclipse.osgi.internal.loader.BundleLoader.setLazyTrigger(BundleLoader.java:263)
	at org.eclipse.core.runtime.internal.adaptor.EclipseLazyStarter.postFindLocalClass(EclipseLazyStarter.java:107)
	at org.eclipse.osgi.baseadaptor.loader.ClasspathManager.findLocalClass(ClasspathManager.java:469)
	at org.eclipse.osgi.internal.baseadaptor.DefaultClassLoader.findLocalClass(DefaultClassLoader.java:216)
	at org.eclipse.osgi.internal.loader.BundleLoader.findLocalClass(BundleLoader.java:395)
	at org.eclipse.osgi.internal.loader.BundleLoader.findClassInternal(BundleLoader.java:464)
	at org.eclipse.osgi.internal.loader.BundleLoader.findClass(BundleLoader.java:421)
	at org.eclipse.osgi.internal.loader.BundleLoader.findClass(BundleLoader.java:412)
	at org.eclipse.osgi.internal.baseadaptor.DefaultClassLoader.loadClass(DefaultClassLoader.java:107)
	at java.lang.ClassLoader.loadClass(ClassLoader.java:247)
	at org.eclipse.osgi.internal.loader.BundleLoader.loadClass(BundleLoader.java:340)
	at org.eclipse.osgi.framework.internal.core.BundleHost.loadClass(BundleHost.java:229)
	at org.eclipse.osgi.framework.internal.core.AbstractBundle.loadClass(AbstractBundle.java:1212)
	at org.eclipse.core.internal.registry.osgi.RegistryStrategyOSGI.createExecutableExtension(RegistryStrategyOSGI.java:174)
	at org.eclipse.core.internal.registry.ExtensionRegistry.createExecutableExtension(ExtensionRegistry.java:905)
	at org.eclipse.core.internal.registry.ConfigurationElement.createExecutableExtension(ConfigurationElement.java:243)
	at org.eclipse.core.internal.registry.ConfigurationElementHandle.createExecutableExtension(ConfigurationElementHandle.java:55)
	at org.eclipse.debug.internal.ui.launchConfigurations.LaunchShortcutExtension.getDelegate(LaunchShortcutExtension.java:410)
	at org.eclipse.debug.internal.ui.launchConfigurations.LaunchShortcutExtension.getLaunchConfigurations(LaunchShortcutExtension.java:505)
	at org.eclipse.debug.internal.ui.contextlaunching.LaunchingResourceManager.getParticipatingLaunchConfigurations(LaunchingResourceManager.java:490)
	at org.eclipse.debug.internal.ui.contextlaunching.LaunchingResourceManager.getLabel(LaunchingResourceManager.java:322)
	at org.eclipse.debug.internal.ui.contextlaunching.LaunchingResourceManager.computeLabels(LaunchingResourceManager.java:240)
	at org.eclipse.debug.internal.ui.contextlaunching.LaunchingResourceManager$2.run(LaunchingResourceManager.java:138)
	at org.eclipse.core.internal.jobs.Worker.run(Worker.java:53)

!ENTRY org.eclipse.jface 2 0 2014-05-22 20:54:40.500
!MESSAGE Keybinding conflicts occurred.  They may interfere with normal accelerator operation.
!SUBENTRY 1 org.eclipse.jface 2 0 2014-05-22 20:54:40.500
!MESSAGE A conflict occurred for CTRL+D:
Binding(CTRL+D,
	ParameterizedCommand(Command(org.eclipse.debug.ui.commands.eof,EOF,
		Send end of file,
		Category(org.eclipse.debug.ui.category.run,Run/Debug,Run/Debug command category,true),
		org.eclipse.ui.internal.MakeHandlersGo@1d9a778,
		,,true),null),
	org.eclipse.ui.defaultAcceleratorConfiguration,
	org.eclipse.debug.ui.console,,,system)
Binding(CTRL+D,
	ParameterizedCommand(Command(org.eclipse.ui.edit.text.delete.line,Delete Line,
		Delete a line of text,
		Category(org.eclipse.ui.category.textEditor,Text Editing,Text Editing Commands,true),
		org.eclipse.ui.internal.MakeHandlersGo@81db1b,
		,,true),null),
	org.eclipse.ui.defaultAcceleratorConfiguration,
	org.eclipse.ui.textEditorScope,,,system)
!SESSION 2014-05-24 00:25:05.816 -----------------------------------------------
eclipse.buildId=M20120914-1800
java.version=1.6.0_39
java.vendor=Sun Microsystems Inc.
BootLoader constants: OS=linux, ARCH=x86, WS=gtk, NL=en_US
Framework arguments:  -product org.eclipse.epp.package.jee.product
Command-line arguments:  -os linux -ws gtk -arch x86 -product org.eclipse.epp.package.jee.product

!ENTRY org.eclipse.core.resources 2 10035 2014-05-24 00:25:44.963
!MESSAGE The workspace exited with unsaved changes in the previous session; refreshing workspace to recover changes.

!ENTRY org.eclipse.e4.ui.workbench 4 0 2014-05-24 00:25:54.993
!MESSAGE Unable to load class 'org.eclipse.e4.ui.internal.workbench.addons.HandlerProcessingAddon' from bundle '222'
!STACK 0
java.lang.ClassNotFoundException: org.eclipse.e4.ui.internal.workbench.addons.HandlerProcessingAddon
	at org.eclipse.osgi.internal.loader.BundleLoader.findClassInternal(BundleLoader.java:501)
	at org.eclipse.osgi.internal.loader.BundleLoader.findClass(BundleLoader.java:421)
	at org.eclipse.osgi.internal.loader.BundleLoader.findClass(BundleLoader.java:412)
	at org.eclipse.osgi.internal.baseadaptor.DefaultClassLoader.loadClass(DefaultClassLoader.java:107)
	at java.lang.ClassLoader.loadClass(ClassLoader.java:247)
	at org.eclipse.osgi.internal.loader.BundleLoader.loadClass(BundleLoader.java:340)
	at org.eclipse.osgi.framework.internal.core.BundleHost.loadClass(BundleHost.java:229)
	at org.eclipse.osgi.framework.internal.core.AbstractBundle.loadClass(AbstractBundle.java:1212)
	at org.eclipse.e4.ui.internal.workbench.ReflectionContributionFactory.createFromBundle(ReflectionContributionFactory.java:100)
	at org.eclipse.e4.ui.internal.workbench.ReflectionContributionFactory.doCreate(ReflectionContributionFactory.java:71)
	at org.eclipse.e4.ui.internal.workbench.ReflectionContributionFactory.create(ReflectionContributionFactory.java:49)
	at org.eclipse.e4.ui.internal.workbench.swt.E4Application.createE4Workbench(E4Application.java:254)
	at org.eclipse.ui.internal.Workbench$5.run(Workbench.java:557)
	at org.eclipse.core.databinding.observable.Realm.runWithDefault(Realm.java:332)
	at org.eclipse.ui.internal.Workbench.createAndRunWorkbench(Workbench.java:543)
	at org.eclipse.ui.PlatformUI.createAndRunWorkbench(PlatformUI.java:149)
	at org.eclipse.ui.internal.ide.application.IDEApplication.start(IDEApplication.java:124)
	at org.eclipse.equinox.internal.app.EclipseAppHandle.run(EclipseAppHandle.java:196)
	at org.eclipse.core.runtime.internal.adaptor.EclipseAppLauncher.runApplication(EclipseAppLauncher.java:110)
	at org.eclipse.core.runtime.internal.adaptor.EclipseAppLauncher.start(EclipseAppLauncher.java:79)
	at org.eclipse.core.runtime.adaptor.EclipseStarter.run(EclipseStarter.java:353)
	at org.eclipse.core.runtime.adaptor.EclipseStarter.run(EclipseStarter.java:180)
	at sun.reflect.NativeMethodAccessorImpl.invoke0(Native Method)
	at sun.reflect.NativeMethodAccessorImpl.invoke(NativeMethodAccessorImpl.java:39)
	at sun.reflect.DelegatingMethodAccessorImpl.invoke(DelegatingMethodAccessorImpl.java:25)
	at java.lang.reflect.Method.invoke(Method.java:597)
	at org.eclipse.equinox.launcher.Main.invokeFramework(Main.java:629)
	at org.eclipse.equinox.launcher.Main.basicRun(Main.java:584)
	at org.eclipse.equinox.launcher.Main.run(Main.java:1438)

!ENTRY org.eclipse.ui 4 4 2014-05-24 00:26:07.004
!MESSAGE Unable to find Action Set: org.springframework.ide.eclipse.aop.ui.ActionSet

!ENTRY org.eclipse.ui 4 4 2014-05-24 00:26:07.007
!MESSAGE Unable to find Action Set: org.springframework.ide.eclipse.aop.ui.matcher.actionSet

!ENTRY org.eclipse.ui 4 4 2014-05-24 00:26:07.007
!MESSAGE Unable to find Action Set: org.springframework.ide.eclipse.beans.ui.actionSet

!ENTRY org.eclipse.ui 4 4 2014-05-24 00:26:07.007
!MESSAGE Unable to find Action Set: org.springframework.ide.eclipse.beans.search.actionSet

!ENTRY org.eclipse.ui 4 4 2014-05-24 00:26:07.008
!MESSAGE Unable to find Action Set: org.springsource.ide.eclipse.quicksearch.actionSet

!ENTRY org.eclipse.ui 4 4 2014-05-24 00:26:07.008
!MESSAGE Unable to find Action Set: org.springsource.ide.eclipse.commons.launch.actionSet

!ENTRY org.eclipse.jface 4 0 2014-05-24 00:26:17.612
!MESSAGE Unable to resolve plug-in "platform:/plugin/org.springframework.ide.eclipse.ui/icons/full/obj16/spring_explorer_obj.gif".
!STACK 0
java.io.IOException: Unable to resolve plug-in "platform:/plugin/org.springframework.ide.eclipse.ui/icons/full/obj16/spring_explorer_obj.gif".
	at org.eclipse.core.internal.runtime.PlatformURLPluginConnection.parse(PlatformURLPluginConnection.java:64)
	at org.eclipse.core.internal.runtime.PlatformURLPluginConnection.resolve(PlatformURLPluginConnection.java:75)
	at org.eclipse.core.internal.boot.PlatformURLHandler.openConnection(PlatformURLHandler.java:67)
	at org.eclipse.osgi.framework.internal.protocol.URLStreamHandlerProxy.openConnection(URLStreamHandlerProxy.java:112)
	at java.net.URL.openConnection(URL.java:945)
	at org.eclipse.core.internal.runtime.PlatformURLConverter.toFileURL(PlatformURLConverter.java:33)
	at org.eclipse.core.runtime.FileLocator.toFileURL(FileLocator.java:206)
	at org.eclipse.jface.resource.URLImageDescriptor.getFilePath(URLImageDescriptor.java:137)
	at org.eclipse.jface.resource.URLImageDescriptor.createImage(URLImageDescriptor.java:157)
	at org.eclipse.jface.resource.ImageDescriptor.createImage(ImageDescriptor.java:227)
	at org.eclipse.jface.resource.ImageDescriptor.createImage(ImageDescriptor.java:205)
	at org.eclipse.e4.ui.workbench.renderers.swt.SWTPartRenderer.getImage(SWTPartRenderer.java:178)
	at org.eclipse.e4.ui.workbench.renderers.swt.StackRenderer.createTab(StackRenderer.java:767)
	at org.eclipse.e4.ui.workbench.renderers.swt.LazyStackRenderer.processContents(LazyStackRenderer.java:134)
	at org.eclipse.e4.ui.internal.workbench.swt.PartRenderingEngine.safeCreateGui(PartRenderingEngine.java:642)
	at org.eclipse.e4.ui.internal.workbench.swt.PartRenderingEngine.safeCreateGui(PartRenderingEngine.java:732)
	at org.eclipse.e4.ui.internal.workbench.swt.PartRenderingEngine.access$2(PartRenderingEngine.java:703)
	at org.eclipse.e4.ui.internal.workbench.swt.PartRenderingEngine$7.run(PartRenderingEngine.java:697)
	at org.eclipse.core.runtime.SafeRunner.run(SafeRunner.java:42)
	at org.eclipse.e4.ui.internal.workbench.swt.PartRenderingEngine.createGui(PartRenderingEngine.java:682)
	at org.eclipse.e4.ui.workbench.renderers.swt.SWTPartRenderer.processContents(SWTPartRenderer.java:59)
	at org.eclipse.e4.ui.internal.workbench.swt.PartRenderingEngine.safeCreateGui(PartRenderingEngine.java:642)
	at org.eclipse.e4.ui.internal.workbench.swt.PartRenderingEngine.safeCreateGui(PartRenderingEngine.java:732)
	at org.eclipse.e4.ui.internal.workbench.swt.PartRenderingEngine.access$2(PartRenderingEngine.java:703)
	at org.eclipse.e4.ui.internal.workbench.swt.PartRenderingEngine$7.run(PartRenderingEngine.java:697)
	at org.eclipse.core.runtime.SafeRunner.run(SafeRunner.java:42)
	at org.eclipse.e4.ui.internal.workbench.swt.PartRenderingEngine.createGui(PartRenderingEngine.java:682)
	at org.eclipse.e4.ui.workbench.renderers.swt.SWTPartRenderer.processContents(SWTPartRenderer.java:59)
	at org.eclipse.e4.ui.internal.workbench.swt.PartRenderingEngine.safeCreateGui(PartRenderingEngine.java:642)
	at org.eclipse.e4.ui.internal.workbench.swt.PartRenderingEngine.safeCreateGui(PartRenderingEngine.java:732)
	at org.eclipse.e4.ui.internal.workbench.swt.PartRenderingEngine.access$2(PartRenderingEngine.java:703)
	at org.eclipse.e4.ui.internal.workbench.swt.PartRenderingEngine$7.run(PartRenderingEngine.java:697)
	at org.eclipse.core.runtime.SafeRunner.run(SafeRunner.java:42)
	at org.eclipse.e4.ui.internal.workbench.swt.PartRenderingEngine.createGui(PartRenderingEngine.java:682)
	at org.eclipse.e4.ui.workbench.renderers.swt.SWTPartRenderer.processContents(SWTPartRenderer.java:59)
	at org.eclipse.e4.ui.internal.workbench.swt.PartRenderingEngine.safeCreateGui(PartRenderingEngine.java:642)
	at org.eclipse.e4.ui.internal.workbench.swt.PartRenderingEngine.safeCreateGui(PartRenderingEngine.java:732)
	at org.eclipse.e4.ui.internal.workbench.swt.PartRenderingEngine.access$2(PartRenderingEngine.java:703)
	at org.eclipse.e4.ui.internal.workbench.swt.PartRenderingEngine$7.run(PartRenderingEngine.java:697)
	at org.eclipse.core.runtime.SafeRunner.run(SafeRunner.java:42)
	at org.eclipse.e4.ui.internal.workbench.swt.PartRenderingEngine.createGui(PartRenderingEngine.java:682)
	at org.eclipse.e4.ui.workbench.renderers.swt.SWTPartRenderer.processContents(SWTPartRenderer.java:59)
	at org.eclipse.e4.ui.internal.workbench.swt.PartRenderingEngine.safeCreateGui(PartRenderingEngine.java:642)
	at org.eclipse.e4.ui.internal.workbench.swt.PartRenderingEngine.safeCreateGui(PartRenderingEngine.java:732)
	at org.eclipse.e4.ui.internal.workbench.swt.PartRenderingEngine.access$2(PartRenderingEngine.java:703)
	at org.eclipse.e4.ui.internal.workbench.swt.PartRenderingEngine$7.run(PartRenderingEngine.java:697)
	at org.eclipse.core.runtime.SafeRunner.run(SafeRunner.java:42)
	at org.eclipse.e4.ui.internal.workbench.swt.PartRenderingEngine.createGui(PartRenderingEngine.java:682)
	at org.eclipse.e4.ui.workbench.renderers.swt.SWTPartRenderer.processContents(SWTPartRenderer.java:59)
	at org.eclipse.e4.ui.internal.workbench.swt.PartRenderingEngine.safeCreateGui(PartRenderingEngine.java:642)
	at org.eclipse.e4.ui.internal.workbench.swt.PartRenderingEngine.safeCreateGui(PartRenderingEngine.java:732)
	at org.eclipse.e4.ui.internal.workbench.swt.PartRenderingEngine.access$2(PartRenderingEngine.java:703)
	at org.eclipse.e4.ui.internal.workbench.swt.PartRenderingEngine$7.run(PartRenderingEngine.java:697)
	at org.eclipse.core.runtime.SafeRunner.run(SafeRunner.java:42)
	at org.eclipse.e4.ui.internal.workbench.swt.PartRenderingEngine.createGui(PartRenderingEngine.java:682)
	at org.eclipse.e4.ui.workbench.renderers.swt.SWTPartRenderer.processContents(SWTPartRenderer.java:59)
	at org.eclipse.e4.ui.internal.workbench.swt.PartRenderingEngine.safeCreateGui(PartRenderingEngine.java:642)
	at org.eclipse.e4.ui.internal.workbench.swt.PartRenderingEngine.safeCreateGui(PartRenderingEngine.java:732)
	at org.eclipse.e4.ui.internal.workbench.swt.PartRenderingEngine.access$2(PartRenderingEngine.java:703)
	at org.eclipse.e4.ui.internal.workbench.swt.PartRenderingEngine$7.run(PartRenderingEngine.java:697)
	at org.eclipse.core.runtime.SafeRunner.run(SafeRunner.java:42)
	at org.eclipse.e4.ui.internal.workbench.swt.PartRenderingEngine.createGui(PartRenderingEngine.java:682)
	at org.eclipse.e4.ui.workbench.renderers.swt.SWTPartRenderer.processContents(SWTPartRenderer.java:59)
	at org.eclipse.e4.ui.workbench.renderers.swt.PerspectiveRenderer.processContents(PerspectiveRenderer.java:59)
	at org.eclipse.e4.ui.internal.workbench.swt.PartRenderingEngine.safeCreateGui(PartRenderingEngine.java:642)
	at org.eclipse.e4.ui.internal.workbench.swt.PartRenderingEngine.safeCreateGui(PartRenderingEngine.java:732)
	at org.eclipse.e4.ui.internal.workbench.swt.PartRenderingEngine.access$2(PartRenderingEngine.java:703)
	at org.eclipse.e4.ui.internal.workbench.swt.PartRenderingEngine$7.run(PartRenderingEngine.java:697)
	at org.eclipse.core.runtime.SafeRunner.run(SafeRunner.java:42)
	at org.eclipse.e4.ui.internal.workbench.swt.PartRenderingEngine.createGui(PartRenderingEngine.java:682)
	at org.eclipse.e4.ui.workbench.renderers.swt.PerspectiveStackRenderer.showTab(PerspectiveStackRenderer.java:103)
	at org.eclipse.e4.ui.workbench.renderers.swt.LazyStackRenderer.postProcess(LazyStackRenderer.java:98)
	at org.eclipse.e4.ui.workbench.renderers.swt.PerspectiveStackRenderer.postProcess(PerspectiveStackRenderer.java:77)
	at org.eclipse.e4.ui.internal.workbench.swt.PartRenderingEngine.safeCreateGui(PartRenderingEngine.java:646)
	at org.eclipse.e4.ui.internal.workbench.swt.PartRenderingEngine.safeCreateGui(PartRenderingEngine.java:732)
	at org.eclipse.e4.ui.internal.workbench.swt.PartRenderingEngine.access$2(PartRenderingEngine.java:703)
	at org.eclipse.e4.ui.internal.workbench.swt.PartRenderingEngine$7.run(PartRenderingEngine.java:697)
	at org.eclipse.core.runtime.SafeRunner.run(SafeRunner.java:42)
	at org.eclipse.e4.ui.internal.workbench.swt.PartRenderingEngine.createGui(PartRenderingEngine.java:682)
	at org.eclipse.e4.ui.workbench.renderers.swt.SWTPartRenderer.processContents(SWTPartRenderer.java:59)
	at org.eclipse.e4.ui.internal.workbench.swt.PartRenderingEngine.safeCreateGui(PartRenderingEngine.java:642)
	at org.eclipse.e4.ui.internal.workbench.swt.PartRenderingEngine.safeCreateGui(PartRenderingEngine.java:732)
	at org.eclipse.e4.ui.internal.workbench.swt.PartRenderingEngine.access$2(PartRenderingEngine.java:703)
	at org.eclipse.e4.ui.internal.workbench.swt.PartRenderingEngine$7.run(PartRenderingEngine.java:697)
	at org.eclipse.core.runtime.SafeRunner.run(SafeRunner.java:42)
	at org.eclipse.e4.ui.internal.workbench.swt.PartRenderingEngine.createGui(PartRenderingEngine.java:682)
	at org.eclipse.e4.ui.workbench.renderers.swt.SWTPartRenderer.processContents(SWTPartRenderer.java:59)
	at org.eclipse.e4.ui.workbench.renderers.swt.WBWRenderer.processContents(WBWRenderer.java:639)
	at org.eclipse.e4.ui.internal.workbench.swt.PartRenderingEngine.safeCreateGui(PartRenderingEngine.java:642)
	at org.eclipse.e4.ui.internal.workbench.swt.PartRenderingEngine.safeCreateGui(PartRenderingEngine.java:732)
	at org.eclipse.e4.ui.internal.workbench.swt.PartRenderingEngine.access$2(PartRenderingEngine.java:703)
	at org.eclipse.e4.ui.internal.workbench.swt.PartRenderingEngine$7.run(PartRenderingEngine.java:697)
	at org.eclipse.core.runtime.SafeRunner.run(SafeRunner.java:42)
	at org.eclipse.e4.ui.internal.workbench.swt.PartRenderingEngine.createGui(PartRenderingEngine.java:682)
	at org.eclipse.e4.ui.internal.workbench.swt.PartRenderingEngine$9.run(PartRenderingEngine.java:968)
	at org.eclipse.core.databinding.observable.Realm.runWithDefault(Realm.java:332)
	at org.eclipse.e4.ui.internal.workbench.swt.PartRenderingEngine.run(PartRenderingEngine.java:923)
	at org.eclipse.e4.ui.internal.workbench.E4Workbench.createAndRunUI(E4Workbench.java:86)
	at org.eclipse.ui.internal.Workbench$5.run(Workbench.java:588)
	at org.eclipse.core.databinding.observable.Realm.runWithDefault(Realm.java:332)
	at org.eclipse.ui.internal.Workbench.createAndRunWorkbench(Workbench.java:543)
	at org.eclipse.ui.PlatformUI.createAndRunWorkbench(PlatformUI.java:149)
	at org.eclipse.ui.internal.ide.application.IDEApplication.start(IDEApplication.java:124)
	at org.eclipse.equinox.internal.app.EclipseAppHandle.run(EclipseAppHandle.java:196)
	at org.eclipse.core.runtime.internal.adaptor.EclipseAppLauncher.runApplication(EclipseAppLauncher.java:110)
	at org.eclipse.core.runtime.internal.adaptor.EclipseAppLauncher.start(EclipseAppLauncher.java:79)
	at org.eclipse.core.runtime.adaptor.EclipseStarter.run(EclipseStarter.java:353)
	at org.eclipse.core.runtime.adaptor.EclipseStarter.run(EclipseStarter.java:180)
	at sun.reflect.NativeMethodAccessorImpl.invoke0(Native Method)
	at sun.reflect.NativeMethodAccessorImpl.invoke(NativeMethodAccessorImpl.java:39)
	at sun.reflect.DelegatingMethodAccessorImpl.invoke(DelegatingMethodAccessorImpl.java:25)
	at java.lang.reflect.Method.invoke(Method.java:597)
	at org.eclipse.equinox.launcher.Main.invokeFramework(Main.java:629)
	at org.eclipse.equinox.launcher.Main.basicRun(Main.java:584)
	at org.eclipse.equinox.launcher.Main.run(Main.java:1438)
