!SESSION 2014-10-14 19:05:52.536 -----------------------------------------------
eclipse.buildId=4.3.0.M20130911-1000
java.version=1.7.0_09
java.vendor=Oracle Corporation
BootLoader constants: OS=linux, ARCH=x86_64, WS=gtk, NL=en_US
Framework arguments:  -product org.eclipse.epp.package.jee.product
Command-line arguments:  -data /home/ngroshkov/Dropbox/ВШУ/hse/workspace -os linux -ws gtk -arch x86_64 -product org.eclipse.epp.package.jee.product

This is a continuation of log file /home/ngroshkov/Dropbox/ВШУ/hse/workspace/.metadata/.bak_0.log
Created Time: 2014-10-14 19:10:05.640

!ENTRY org.eclipse.osgi 2 0 2014-10-14 19:10:05.640
!MESSAGE While loading class "com.google.gdt.eclipse.suite.launch.ui.WebAppNoServerLaunchShortcut", thread "Thread[Worker-3,5,main]" timed out waiting (5000ms) for thread "Thread[Worker-7,5,main]" to finish starting bundle "com.google.gdt.eclipse.suite_3.4.2.v201310081834-rel-r43 [930]". To avoid deadlock, thread "Thread[Worker-3,5,main]" is proceeding but "com.google.gdt.eclipse.suite.launch.ui.WebAppNoServerLaunchShortcut" may not be fully initialized.
!STACK 0
org.osgi.framework.BundleException: State change in progress for bundle "reference:file:../../../home/ngroshkov/.eclipse/org.eclipse.platform_4.3.0_1324089763_linux_gtk_x86_64/plugins/com.google.gdt.eclipse.suite_3.4.2.v201310081834-rel-r43.jar" by thread "Worker-7".
	at org.eclipse.osgi.framework.internal.core.AbstractBundle.beginStateChange(AbstractBundle.java:1088)
	at org.eclipse.osgi.framework.internal.core.AbstractBundle.start(AbstractBundle.java:298)
	at org.eclipse.osgi.framework.util.SecureAction.start(SecureAction.java:478)
	at org.eclipse.osgi.internal.loader.BundleLoader.setLazyTrigger(BundleLoader.java:263)
	at org.eclipse.core.runtime.internal.adaptor.EclipseLazyStarter.postFindLocalClass(EclipseLazyStarter.java:109)
	at org.eclipse.osgi.baseadaptor.loader.ClasspathManager.findLocalClass(ClasspathManager.java:469)
	at org.eclipse.osgi.internal.baseadaptor.DefaultClassLoader.findLocalClass(DefaultClassLoader.java:216)
	at org.eclipse.osgi.internal.loader.BundleLoader.findLocalClass(BundleLoader.java:395)
	at org.eclipse.osgi.internal.loader.BundleLoader.findClassInternal(BundleLoader.java:464)
	at org.eclipse.osgi.internal.loader.BundleLoader.findClass(BundleLoader.java:421)
	at org.eclipse.osgi.internal.loader.BundleLoader.findClass(BundleLoader.java:412)
	at org.eclipse.osgi.internal.baseadaptor.DefaultClassLoader.loadClass(DefaultClassLoader.java:107)
	at java.lang.ClassLoader.loadClass(ClassLoader.java:356)
	at org.eclipse.osgi.internal.loader.BundleLoader.loadClass(BundleLoader.java:340)
	at org.eclipse.osgi.framework.internal.core.BundleHost.loadClass(BundleHost.java:229)
	at org.eclipse.osgi.framework.internal.core.AbstractBundle.loadClass(AbstractBundle.java:1212)
	at org.eclipse.core.internal.registry.osgi.RegistryStrategyOSGI.createExecutableExtension(RegistryStrategyOSGI.java:174)
	at org.eclipse.core.internal.registry.ExtensionRegistry.createExecutableExtension(ExtensionRegistry.java:905)
	at org.eclipse.core.internal.registry.ConfigurationElement.createExecutableExtension(ConfigurationElement.java:243)
	at org.eclipse.core.internal.registry.ConfigurationElementHandle.createExecutableExtension(ConfigurationElementHandle.java:55)
	at org.eclipse.debug.internal.ui.launchConfigurations.LaunchShortcutExtension.getDelegate(LaunchShortcutExtension.java:410)
	at org.eclipse.debug.internal.ui.launchConfigurations.LaunchShortcutExtension.getLaunchConfigurations(LaunchShortcutExtension.java:505)
	at org.eclipse.debug.internal.ui.contextlaunching.LaunchingResourceManager.getParticipatingLaunchConfigurations(LaunchingResourceManager.java:490)
	at org.eclipse.debug.internal.ui.contextlaunching.LaunchingResourceManager.getLabel(LaunchingResourceManager.java:322)
	at org.eclipse.debug.internal.ui.contextlaunching.LaunchingResourceManager.computeLabels(LaunchingResourceManager.java:240)
	at org.eclipse.debug.internal.ui.contextlaunching.LaunchingResourceManager$2.run(LaunchingResourceManager.java:138)
	at org.eclipse.core.internal.jobs.Worker.run(Worker.java:53)
Caused by: org.eclipse.osgi.framework.internal.core.AbstractBundle$BundleStatusException
	... 27 more
Root exception:
org.eclipse.osgi.framework.internal.core.AbstractBundle$BundleStatusException
	at org.eclipse.osgi.framework.internal.core.AbstractBundle.beginStateChange(AbstractBundle.java:1088)
	at org.eclipse.osgi.framework.internal.core.AbstractBundle.start(AbstractBundle.java:298)
	at org.eclipse.osgi.framework.util.SecureAction.start(SecureAction.java:478)
	at org.eclipse.osgi.internal.loader.BundleLoader.setLazyTrigger(BundleLoader.java:263)
	at org.eclipse.core.runtime.internal.adaptor.EclipseLazyStarter.postFindLocalClass(EclipseLazyStarter.java:109)
	at org.eclipse.osgi.baseadaptor.loader.ClasspathManager.findLocalClass(ClasspathManager.java:469)
	at org.eclipse.osgi.internal.baseadaptor.DefaultClassLoader.findLocalClass(DefaultClassLoader.java:216)
	at org.eclipse.osgi.internal.loader.BundleLoader.findLocalClass(BundleLoader.java:395)
	at org.eclipse.osgi.internal.loader.BundleLoader.findClassInternal(BundleLoader.java:464)
	at org.eclipse.osgi.internal.loader.BundleLoader.findClass(BundleLoader.java:421)
	at org.eclipse.osgi.internal.loader.BundleLoader.findClass(BundleLoader.java:412)
	at org.eclipse.osgi.internal.baseadaptor.DefaultClassLoader.loadClass(DefaultClassLoader.java:107)
	at java.lang.ClassLoader.loadClass(ClassLoader.java:356)
	at org.eclipse.osgi.internal.loader.BundleLoader.loadClass(BundleLoader.java:340)
	at org.eclipse.osgi.framework.internal.core.BundleHost.loadClass(BundleHost.java:229)
	at org.eclipse.osgi.framework.internal.core.AbstractBundle.loadClass(AbstractBundle.java:1212)
	at org.eclipse.core.internal.registry.osgi.RegistryStrategyOSGI.createExecutableExtension(RegistryStrategyOSGI.java:174)
	at org.eclipse.core.internal.registry.ExtensionRegistry.createExecutableExtension(ExtensionRegistry.java:905)
	at org.eclipse.core.internal.registry.ConfigurationElement.createExecutableExtension(ConfigurationElement.java:243)
	at org.eclipse.core.internal.registry.ConfigurationElementHandle.createExecutableExtension(ConfigurationElementHandle.java:55)
	at org.eclipse.debug.internal.ui.launchConfigurations.LaunchShortcutExtension.getDelegate(LaunchShortcutExtension.java:410)
	at org.eclipse.debug.internal.ui.launchConfigurations.LaunchShortcutExtension.getLaunchConfigurations(LaunchShortcutExtension.java:505)
	at org.eclipse.debug.internal.ui.contextlaunching.LaunchingResourceManager.getParticipatingLaunchConfigurations(LaunchingResourceManager.java:490)
	at org.eclipse.debug.internal.ui.contextlaunching.LaunchingResourceManager.getLabel(LaunchingResourceManager.java:322)
	at org.eclipse.debug.internal.ui.contextlaunching.LaunchingResourceManager.computeLabels(LaunchingResourceManager.java:240)
	at org.eclipse.debug.internal.ui.contextlaunching.LaunchingResourceManager$2.run(LaunchingResourceManager.java:138)
	at org.eclipse.core.internal.jobs.Worker.run(Worker.java:53)

!ENTRY org.eclipse.jface 2 0 2014-10-14 19:22:52.012
!MESSAGE Keybinding conflicts occurred.  They may interfere with normal accelerator operation.
!SUBENTRY 1 org.eclipse.jface 2 0 2014-10-14 19:22:52.012
!MESSAGE A conflict occurred for CTRL+D:
Binding(CTRL+D,
	ParameterizedCommand(Command(org.eclipse.debug.ui.commands.eof,EOF,
		Send end of file,
		Category(org.eclipse.debug.ui.category.run,Run/Debug,Run/Debug command category,true),
		org.eclipse.ui.internal.WorkbenchHandlerServiceHandler@4ed1bfbb,
		,,true),null),
	org.eclipse.ui.defaultAcceleratorConfiguration,
	org.eclipse.debug.ui.console,,,system)
Binding(CTRL+D,
	ParameterizedCommand(Command(org.eclipse.ui.edit.text.delete.line,Delete Line,
		Delete a line of text,
		Category(org.eclipse.ui.category.textEditor,Text Editing,Text Editing Commands,true),
		org.eclipse.ui.internal.WorkbenchHandlerServiceHandler@2c82b66a,
		,,true),null),
	org.eclipse.ui.defaultAcceleratorConfiguration,
	org.eclipse.ui.textEditorScope,,,system)
!SESSION 2014-10-16 11:13:58.181 -----------------------------------------------
eclipse.buildId=4.3.0.M20130911-1000
java.version=1.7.0_09
java.vendor=Oracle Corporation
BootLoader constants: OS=linux, ARCH=x86_64, WS=gtk, NL=en_US
Framework arguments:  -product org.eclipse.epp.package.jee.product
Command-line arguments:  -os linux -ws gtk -arch x86_64 -product org.eclipse.epp.package.jee.product

!ENTRY org.eclipse.jface 2 0 2014-10-16 11:14:13.044
!MESSAGE Keybinding conflicts occurred.  They may interfere with normal accelerator operation.
!SUBENTRY 1 org.eclipse.jface 2 0 2014-10-16 11:14:13.044
!MESSAGE A conflict occurred for ALT+SHIFT+X R:
Binding(ALT+SHIFT+X R,
	ParameterizedCommand(Command(org.eclipse.wst.server.launchShortcut.run,Run on Server,
		Run the current selection on a server,
		Category(org.eclipse.debug.ui.category.run,Run/Debug,Run/Debug command category,true),
		org.eclipse.ui.internal.WorkbenchHandlerServiceHandler@1acfac58,
		,,true),null),
	org.eclipse.ui.defaultAcceleratorConfiguration,
	org.eclipse.ui.contexts.window,,,system)
Binding(ALT+SHIFT+X R,
	ParameterizedCommand(Command(de.walware.statet.r.commands.SubmitFileToRViaCommand,Run File in R via Command,
		Submits default command to run (source, load, etc.) file in R,
		Category(org.eclipse.debug.ui.category.run,Run/Debug,Run/Debug command category,true),
		org.eclipse.ui.internal.WorkbenchHandlerServiceHandler@383bd328,
		,,true),null),
	org.eclipse.ui.defaultAcceleratorConfiguration,
	org.eclipse.ui.contexts.window,,,system)
!SUBENTRY 1 org.eclipse.jface 2 0 2014-10-16 11:14:13.044
!MESSAGE A conflict occurred for ALT+CTRL+U:
Binding(ALT+CTRL+U,
	ParameterizedCommand(Command(org.eclipse.team.svn.ui.command.UpdateCommand,Update,
		,
		Category(org.eclipse.team.svn.ui.command.category,SVN,null,true),
		org.eclipse.ui.internal.WorkbenchHandlerServiceHandler@5fa403ef,
		,,true),null),
	org.eclipse.ui.defaultAcceleratorConfiguration,
	org.eclipse.ui.contexts.window,,,system)
Binding(ALT+CTRL+U,
	ParameterizedCommand(Command(com.jaspersoft.studio.server.publish,Publish the file on JasperReports Server,
		,
		Category(org.eclipse.core.commands.categories.autogenerated,Uncategorized,Commands that were either auto-generated or have no category,true),
		org.eclipse.ui.internal.WorkbenchHandlerServiceHandler@8fe70f7,
		,,true),null),
	org.eclipse.ui.defaultAcceleratorConfiguration,
	org.eclipse.ui.contexts.window,,,system)

!ENTRY org.eclipse.osgi 2 0 2014-10-16 16:59:46.349
!MESSAGE While loading class "com.google.gdt.eclipse.suite.preferences.GdtPreferences", thread "Thread[Worker-62,5,main]" timed out waiting (5275ms) for thread "Thread[Worker-56,5,main]" to finish starting bundle "com.google.gdt.eclipse.suite_3.4.2.v201310081834-rel-r43 [930]". To avoid deadlock, thread "Thread[Worker-62,5,main]" is proceeding but "com.google.gdt.eclipse.suite.preferences.GdtPreferences" may not be fully initialized.
!STACK 0
org.osgi.framework.BundleException: State change in progress for bundle "reference:file:../../../home/ngroshkov/.eclipse/org.eclipse.platform_4.3.0_1324089763_linux_gtk_x86_64/plugins/com.google.gdt.eclipse.suite_3.4.2.v201310081834-rel-r43.jar" by thread "Worker-56".
	at org.eclipse.osgi.framework.internal.core.AbstractBundle.beginStateChange(AbstractBundle.java:1088)
	at org.eclipse.osgi.framework.internal.core.AbstractBundle.start(AbstractBundle.java:298)
	at org.eclipse.osgi.framework.util.SecureAction.start(SecureAction.java:478)
	at org.eclipse.osgi.internal.loader.BundleLoader.setLazyTrigger(BundleLoader.java:263)
	at org.eclipse.core.runtime.internal.adaptor.EclipseLazyStarter.postFindLocalClass(EclipseLazyStarter.java:109)
	at org.eclipse.osgi.baseadaptor.loader.ClasspathManager.findLocalClass(ClasspathManager.java:469)
	at org.eclipse.osgi.internal.baseadaptor.DefaultClassLoader.findLocalClass(DefaultClassLoader.java:216)
	at org.eclipse.osgi.internal.loader.BundleLoader.findLocalClass(BundleLoader.java:395)
	at org.eclipse.osgi.internal.loader.SingleSourcePackage.loadClass(SingleSourcePackage.java:35)
	at org.eclipse.osgi.internal.loader.BundleLoader.findClassInternal(BundleLoader.java:461)
	at org.eclipse.osgi.internal.loader.BundleLoader.findClass(BundleLoader.java:421)
	at org.eclipse.osgi.internal.loader.BundleLoader.findClass(BundleLoader.java:412)
	at org.eclipse.osgi.internal.baseadaptor.DefaultClassLoader.loadClass(DefaultClassLoader.java:107)
	at java.lang.ClassLoader.loadClass(ClassLoader.java:356)
	at com.google.appengine.eclipse.wtp.runtime.GaeRuntimeConfigurator.startup(GaeRuntimeConfigurator.java:41)
	at org.eclipse.wst.server.core.internal.ResourceManager.executeStartups(ResourceManager.java:207)
	at org.eclipse.wst.server.core.internal.ResourceManager.init(ResourceManager.java:245)
	at org.eclipse.wst.server.core.internal.ResourceManager.getServers(ResourceManager.java:795)
	at org.eclipse.wst.server.core.ServerCore.getServers(ServerCore.java:316)
	at org.eclipse.wst.server.ui.internal.InitializeJob.run(InitializeJob.java:34)
	at org.eclipse.core.internal.jobs.Worker.run(Worker.java:53)
Caused by: org.eclipse.osgi.framework.internal.core.AbstractBundle$BundleStatusException
	... 21 more
Root exception:
org.eclipse.osgi.framework.internal.core.AbstractBundle$BundleStatusException
	at org.eclipse.osgi.framework.internal.core.AbstractBundle.beginStateChange(AbstractBundle.java:1088)
	at org.eclipse.osgi.framework.internal.core.AbstractBundle.start(AbstractBundle.java:298)
	at org.eclipse.osgi.framework.util.SecureAction.start(SecureAction.java:478)
	at org.eclipse.osgi.internal.loader.BundleLoader.setLazyTrigger(BundleLoader.java:263)
	at org.eclipse.core.runtime.internal.adaptor.EclipseLazyStarter.postFindLocalClass(EclipseLazyStarter.java:109)
	at org.eclipse.osgi.baseadaptor.loader.ClasspathManager.findLocalClass(ClasspathManager.java:469)
	at org.eclipse.osgi.internal.baseadaptor.DefaultClassLoader.findLocalClass(DefaultClassLoader.java:216)
	at org.eclipse.osgi.internal.loader.BundleLoader.findLocalClass(BundleLoader.java:395)
	at org.eclipse.osgi.internal.loader.SingleSourcePackage.loadClass(SingleSourcePackage.java:35)
	at org.eclipse.osgi.internal.loader.BundleLoader.findClassInternal(BundleLoader.java:461)
	at org.eclipse.osgi.internal.loader.BundleLoader.findClass(BundleLoader.java:421)
	at org.eclipse.osgi.internal.loader.BundleLoader.findClass(BundleLoader.java:412)
	at org.eclipse.osgi.internal.baseadaptor.DefaultClassLoader.loadClass(DefaultClassLoader.java:107)
	at java.lang.ClassLoader.loadClass(ClassLoader.java:356)
	at com.google.appengine.eclipse.wtp.runtime.GaeRuntimeConfigurator.startup(GaeRuntimeConfigurator.java:41)
	at org.eclipse.wst.server.core.internal.ResourceManager.executeStartups(ResourceManager.java:207)
	at org.eclipse.wst.server.core.internal.ResourceManager.init(ResourceManager.java:245)
	at org.eclipse.wst.server.core.internal.ResourceManager.getServers(ResourceManager.java:795)
	at org.eclipse.wst.server.core.ServerCore.getServers(ServerCore.java:316)
	at org.eclipse.wst.server.ui.internal.InitializeJob.run(InitializeJob.java:34)
	at org.eclipse.core.internal.jobs.Worker.run(Worker.java:53)
